This file contains any messages produced by compilers while
running configure, to aid debugging if configure makes a mistake.

It was created by the fast lexical analyser generator configure 2.6.3, which was
generated by GNU Autoconf 2.69.  Invocation command line was

  $ ./configure 

## --------- ##
## Platform. ##
## --------- ##

hostname = stm
uname -m = x86_64
uname -r = 4.15.0-20-generic
uname -s = Linux
uname -v = #21-Ubuntu SMP Tue Apr 24 06:16:15 UTC 2018

/usr/bin/uname -p = unknown
/bin/uname -X     = unknown

/bin/arch              = unknown
/usr/bin/arch -k       = unknown
/usr/convex/getsysinfo = unknown
/usr/bin/hostinfo      = unknown
/bin/machine           = unknown
/usr/bin/oslevel       = unknown
/bin/universe          = unknown

PATH: /usr/local/sbin
PATH: /usr/local/bin
PATH: /usr/sbin
PATH: /usr/bin
PATH: /sbin
PATH: /bin
PATH: /usr/games
PATH: /usr/local/games


## ----------- ##
## Core tests. ##
## ----------- ##

configure:2538: checking build system type
configure:2552: result: x86_64-pc-linux-gnu
configure:2572: checking host system type
configure:2585: result: x86_64-pc-linux-gnu
configure:2626: checking how to print strings
configure:2653: result: printf
configure:2725: checking for gcc
configure:2741: found /usr/bin/gcc
configure:2752: result: gcc
configure:2981: checking for C compiler version
configure:2990: gcc --version >&5
gcc (Ubuntu 7.5.0-3ubuntu1~18.04) 7.5.0
Copyright (C) 2017 Free Software Foundation, Inc.
This is free software; see the source for copying conditions.  There is NO
warranty; not even for MERCHANTABILITY or FITNESS FOR A PARTICULAR PURPOSE.

configure:3001: $? = 0
configure:2990: gcc -v >&5
Using built-in specs.
COLLECT_GCC=gcc
COLLECT_LTO_WRAPPER=/usr/lib/gcc/x86_64-linux-gnu/7/lto-wrapper
OFFLOAD_TARGET_NAMES=nvptx-none
OFFLOAD_TARGET_DEFAULT=1
Target: x86_64-linux-gnu
Configured with: ../src/configure -v --with-pkgversion='Ubuntu 7.5.0-3ubuntu1~18.04' --with-bugurl=file:///usr/share/doc/gcc-7/README.Bugs --enable-languages=c,ada,c++,go,brig,d,fortran,objc,obj-c++ --prefix=/usr --with-gcc-major-version-only --program-suffix=-7 --program-prefix=x86_64-linux-gnu- --enable-shared --enable-linker-build-id --libexecdir=/usr/lib --without-included-gettext --enable-threads=posix --libdir=/usr/lib --enable-nls --enable-bootstrap --enable-clocale=gnu --enable-libstdcxx-debug --enable-libstdcxx-time=yes --with-default-libstdcxx-abi=new --enable-gnu-unique-object --disable-vtable-verify --enable-libmpx --enable-plugin --enable-default-pie --with-system-zlib --with-target-system-zlib --enable-objc-gc=auto --enable-multiarch --disable-werror --with-arch-32=i686 --with-abi=m64 --with-multilib-list=m32,m64,mx32 --enable-multilib --with-tune=generic --enable-offload-targets=nvptx-none --without-cuda-driver --enable-checking=release --build=x86_64-linux-gnu --host=x86_64-linux-gnu --target=x86_64-linux-gnu
Thread model: posix
gcc version 7.5.0 (Ubuntu 7.5.0-3ubuntu1~18.04) 
configure:3001: $? = 0
configure:2990: gcc -V >&5
gcc: error: unrecognized command line option '-V'
gcc: fatal error: no input files
compilation terminated.
configure:3001: $? = 1
configure:2990: gcc -qversion >&5
gcc: error: unrecognized command line option '-qversion'; did you mean '--version'?
gcc: fatal error: no input files
compilation terminated.
configure:3001: $? = 1
configure:3021: checking whether the C compiler works
configure:3043: gcc    conftest.c  >&5
configure:3047: $? = 0
configure:3095: result: yes
configure:3098: checking for C compiler default output file name
configure:3100: result: a.out
configure:3106: checking for suffix of executables
configure:3113: gcc -o conftest    conftest.c  >&5
configure:3117: $? = 0
configure:3139: result: 
configure:3161: checking whether we are cross compiling
configure:3169: gcc -o conftest    conftest.c  >&5
configure:3173: $? = 0
configure:3180: ./conftest
configure:3184: $? = 0
configure:3199: result: no
configure:3204: checking for suffix of object files
configure:3226: gcc -c   conftest.c >&5
configure:3230: $? = 0
configure:3251: result: o
configure:3255: checking whether we are using the GNU C compiler
configure:3274: gcc -c   conftest.c >&5
configure:3274: $? = 0
configure:3283: result: yes
configure:3292: checking whether gcc accepts -g
configure:3312: gcc -c -g  conftest.c >&5
configure:3312: $? = 0
configure:3353: result: yes
configure:3370: checking for gcc option to accept ISO C89
configure:3433: gcc  -c -g -O2  conftest.c >&5
configure:3433: $? = 0
configure:3446: result: none needed
configure:3471: checking whether gcc understands -c and -o together
configure:3493: gcc -c conftest.c -o conftest2.o
configure:3496: $? = 0
configure:3493: gcc -c conftest.c -o conftest2.o
configure:3496: $? = 0
configure:3508: result: yes
configure:3525: checking for a sed that does not truncate output
configure:3589: result: /bin/sed
configure:3607: checking for grep that handles long lines and -e
configure:3665: result: /bin/grep
configure:3670: checking for egrep
configure:3732: result: /bin/grep -E
configure:3737: checking for fgrep
configure:3799: result: /bin/grep -F
configure:3834: checking for ld used by gcc
configure:3901: result: /usr/bin/ld
configure:3908: checking if the linker (/usr/bin/ld) is GNU ld
configure:3923: result: yes
configure:3935: checking for BSD- or MS-compatible name lister (nm)
configure:3989: result: /usr/bin/nm -B
configure:4119: checking the name lister (/usr/bin/nm -B) interface
configure:4126: gcc -c -g -O2  conftest.c >&5
configure:4129: /usr/bin/nm -B "conftest.o"
configure:4132: output
0000000000000000 B some_variable
configure:4139: result: BSD nm
configure:4142: checking whether ln -s works
configure:4146: result: yes
configure:4154: checking the maximum length of command line arguments
configure:4285: result: 1572864
configure:4333: checking how to convert x86_64-pc-linux-gnu file names to x86_64-pc-linux-gnu format
configure:4373: result: func_convert_file_noop
configure:4380: checking how to convert x86_64-pc-linux-gnu file names to toolchain format
configure:4400: result: func_convert_file_noop
configure:4407: checking for /usr/bin/ld option to reload object files
configure:4414: result: -r
configure:4488: checking for objdump
configure:4504: found /usr/bin/objdump
configure:4515: result: objdump
configure:4547: checking how to recognize dependent libraries
configure:4747: result: pass_all
configure:4832: checking for dlltool
configure:4862: result: no
configure:4892: checking how to associate runtime and link libraries
configure:4919: result: printf %s\n
configure:4980: checking for ar
configure:4996: found /usr/bin/ar
configure:5007: result: ar
configure:5044: checking for archiver @FILE support
configure:5061: gcc -c -g -O2  conftest.c >&5
configure:5061: $? = 0
configure:5064: ar cru libconftest.a @conftest.lst >&5
ar: `u' modifier ignored since `D' is the default (see `U')
configure:5067: $? = 0
configure:5072: ar cru libconftest.a @conftest.lst >&5
ar: `u' modifier ignored since `D' is the default (see `U')
ar: conftest.o: No such file or directory
configure:5075: $? = 1
configure:5087: result: @
configure:5145: checking for strip
configure:5161: found /usr/bin/strip
configure:5172: result: strip
configure:5244: checking for ranlib
configure:5260: found /usr/bin/ranlib
configure:5271: result: ranlib
configure:5348: checking for gawk
configure:5364: found /usr/bin/gawk
configure:5375: result: gawk
configure:5415: checking command to parse /usr/bin/nm -B output from gcc object
configure:5568: gcc -c -g -O2  conftest.c >&5
configure:5571: $? = 0
configure:5575: /usr/bin/nm -B conftest.o \| sed -n -e 's/^.*[ ]\([ABCDGIRSTW][ABCDGIRSTW]*\)[ ][ ]*\([_A-Za-z][_A-Za-z0-9]*\)$/\1 \2 \2/p' | sed '/ __gnu_lto/d' \> conftest.nm
configure:5578: $? = 0
configure:5644: gcc -o conftest -g -O2   conftest.c conftstm.o >&5
configure:5647: $? = 0
configure:5685: result: ok
configure:5732: checking for sysroot
configure:5762: result: no
configure:5769: checking for a working dd
configure:5807: result: /bin/dd
configure:5811: checking how to truncate binary pipes
configure:5826: result: /bin/dd bs=4096 count=1
configure:5962: gcc -c -g -O2  conftest.c >&5
configure:5965: $? = 0
configure:6155: checking for mt
configure:6171: found /bin/mt
configure:6182: result: mt
configure:6205: checking if mt is a manifest tool
configure:6211: mt '-?'
configure:6219: result: no
configure:6896: checking how to run the C preprocessor
configure:6927: gcc -E  conftest.c
configure:6927: $? = 0
configure:6941: gcc -E  conftest.c
conftest.c:9:10: fatal error: ac_nonexistent.h: No such file or directory
 #include <ac_nonexistent.h>
          ^~~~~~~~~~~~~~~~~~
compilation terminated.
configure:6941: $? = 1
configure: failed program was:
| /* confdefs.h */
| #define PACKAGE_NAME "the fast lexical analyser generator"
| #define PACKAGE_TARNAME "flex"
| #define PACKAGE_VERSION "2.6.3"
| #define PACKAGE_STRING "the fast lexical analyser generator 2.6.3"
| #define PACKAGE_BUGREPORT "flex-help@lists.sourceforge.net"
| #define PACKAGE_URL ""
| /* end confdefs.h.  */
| #include <ac_nonexistent.h>
configure:6966: result: gcc -E
configure:6986: gcc -E  conftest.c
configure:6986: $? = 0
configure:7000: gcc -E  conftest.c
conftest.c:9:10: fatal error: ac_nonexistent.h: No such file or directory
 #include <ac_nonexistent.h>
          ^~~~~~~~~~~~~~~~~~
compilation terminated.
configure:7000: $? = 1
configure: failed program was:
| /* confdefs.h */
| #define PACKAGE_NAME "the fast lexical analyser generator"
| #define PACKAGE_TARNAME "flex"
| #define PACKAGE_VERSION "2.6.3"
| #define PACKAGE_STRING "the fast lexical analyser generator 2.6.3"
| #define PACKAGE_BUGREPORT "flex-help@lists.sourceforge.net"
| #define PACKAGE_URL ""
| /* end confdefs.h.  */
| #include <ac_nonexistent.h>
configure:7029: checking for ANSI C header files
configure:7049: gcc -c -g -O2  conftest.c >&5
configure:7049: $? = 0
configure:7122: gcc -o conftest -g -O2   conftest.c  >&5
configure:7122: $? = 0
configure:7122: ./conftest
configure:7122: $? = 0
configure:7133: result: yes
configure:7146: checking for sys/types.h
configure:7146: gcc -c -g -O2  conftest.c >&5
configure:7146: $? = 0
configure:7146: result: yes
configure:7146: checking for sys/stat.h
configure:7146: gcc -c -g -O2  conftest.c >&5
configure:7146: $? = 0
configure:7146: result: yes
configure:7146: checking for stdlib.h
configure:7146: gcc -c -g -O2  conftest.c >&5
configure:7146: $? = 0
configure:7146: result: yes
configure:7146: checking for string.h
configure:7146: gcc -c -g -O2  conftest.c >&5
configure:7146: $? = 0
configure:7146: result: yes
configure:7146: checking for memory.h
configure:7146: gcc -c -g -O2  conftest.c >&5
configure:7146: $? = 0
configure:7146: result: yes
configure:7146: checking for strings.h
configure:7146: gcc -c -g -O2  conftest.c >&5
configure:7146: $? = 0
configure:7146: result: yes
configure:7146: checking for inttypes.h
configure:7146: gcc -c -g -O2  conftest.c >&5
configure:7146: $? = 0
configure:7146: result: yes
configure:7146: checking for stdint.h
configure:7146: gcc -c -g -O2  conftest.c >&5
configure:7146: $? = 0
configure:7146: result: yes
configure:7146: checking for unistd.h
configure:7146: gcc -c -g -O2  conftest.c >&5
configure:7146: $? = 0
configure:7146: result: yes
configure:7160: checking for dlfcn.h
configure:7160: gcc -c -g -O2  conftest.c >&5
configure:7160: $? = 0
configure:7160: result: yes
configure:7416: checking for objdir
configure:7431: result: .libs
configure:7695: checking if gcc supports -fno-rtti -fno-exceptions
configure:7713: gcc -c -g -O2  -fno-rtti -fno-exceptions conftest.c >&5
cc1: warning: command line option '-fno-rtti' is valid for C++/ObjC++ but not for C
configure:7717: $? = 0
configure:7730: result: no
configure:8088: checking for gcc option to produce PIC
configure:8095: result: -fPIC -DPIC
configure:8103: checking if gcc PIC flag -fPIC -DPIC works
configure:8121: gcc -c -g -O2  -fPIC -DPIC -DPIC conftest.c >&5
configure:8125: $? = 0
configure:8138: result: yes
configure:8167: checking if gcc static flag -static works
configure:8195: result: yes
configure:8210: checking if gcc supports -c -o file.o
configure:8231: gcc -c -g -O2  -o out/conftest2.o conftest.c >&5
configure:8235: $? = 0
configure:8257: result: yes
configure:8265: checking if gcc supports -c -o file.o
configure:8312: result: yes
configure:8345: checking whether the gcc linker (/usr/bin/ld -m elf_x86_64) supports shared libraries
configure:9608: result: yes
configure:9645: checking whether -lc should be explicitly linked in
configure:9653: gcc -c -g -O2  conftest.c >&5
configure:9656: $? = 0
configure:9671: gcc -shared  -fPIC -DPIC conftest.o  -v -Wl,-soname -Wl,conftest -o conftest 2\>\&1 \| /bin/grep  -lc  \>/dev/null 2\>\&1
configure:9674: $? = 0
configure:9688: result: no
configure:9848: checking dynamic linker characteristics
configure:10429: gcc -o conftest -g -O2   -Wl,-rpath -Wl,/foo conftest.c  >&5
configure:10429: $? = 0
configure:10678: result: GNU/Linux ld.so
configure:10800: checking how to hardcode library paths into programs
configure:10825: result: immediate
configure:11373: checking whether stripping libraries is possible
configure:11378: result: yes
configure:11413: checking if libtool supports shared libraries
configure:11415: result: yes
configure:11418: checking whether to build shared libraries
configure:11443: result: yes
configure:11446: checking whether to build static libraries
configure:11450: result: yes
configure:11503: checking for a BSD-compatible install
configure:11571: result: /usr/bin/install -c
configure:11582: checking whether build environment is sane
configure:11637: result: yes
configure:11785: checking for a thread-safe mkdir -p
configure:11824: result: /bin/mkdir -p
configure:11827: checking whether make sets $(MAKE)
configure:11849: result: yes
configure:11879: checking for style of include used by make
configure:11907: result: GNU
configure:11941: checking whether make supports nested variables
configure:11958: result: yes
configure:12043: checking dependency style of gcc
configure:12154: result: gcc3
configure:12222: checking whether NLS is requested
configure:12231: result: yes
configure:12271: checking for msgfmt
configure:12306: result: no
configure:12312: checking for gmsgfmt
configure:12343: result: :
configure:12393: checking for xgettext
configure:12428: result: no
configure:12470: checking for msgmerge
configure:12504: result: no
configure:12559: checking for ld used by gcc
configure:12626: result: /usr/bin/ld -m elf_x86_64
configure:12633: checking if the linker (/usr/bin/ld -m elf_x86_64) is GNU ld
configure:12648: result: yes
configure:12655: checking for shared library run path origin
configure:12668: result: done
configure:13240: checking for CFPreferencesCopyAppValue
configure:13258: gcc -o conftest -g -O2   conftest.c  -Wl,-framework -Wl,CoreFoundation >&5
conftest.c:23:10: fatal error: CoreFoundation/CFPreferences.h: No such file or directory
 #include <CoreFoundation/CFPreferences.h>
          ^~~~~~~~~~~~~~~~~~~~~~~~~~~~~~~~
compilation terminated.
configure:13258: $? = 1
configure: failed program was:
| /* confdefs.h */
| #define PACKAGE_NAME "the fast lexical analyser generator"
| #define PACKAGE_TARNAME "flex"
| #define PACKAGE_VERSION "2.6.3"
| #define PACKAGE_STRING "the fast lexical analyser generator 2.6.3"
| #define PACKAGE_BUGREPORT "flex-help@lists.sourceforge.net"
| #define PACKAGE_URL ""
| #define STDC_HEADERS 1
| #define HAVE_SYS_TYPES_H 1
| #define HAVE_SYS_STAT_H 1
| #define HAVE_STDLIB_H 1
| #define HAVE_STRING_H 1
| #define HAVE_MEMORY_H 1
| #define HAVE_STRINGS_H 1
| #define HAVE_INTTYPES_H 1
| #define HAVE_STDINT_H 1
| #define HAVE_UNISTD_H 1
| #define HAVE_DLFCN_H 1
| #define LT_OBJDIR ".libs/"
| #define PACKAGE "flex"
| #define VERSION "2.6.3"
| /* end confdefs.h.  */
| #include <CoreFoundation/CFPreferences.h>
| int
| main ()
| {
| CFPreferencesCopyAppValue(NULL, NULL)
|   ;
|   return 0;
| }
configure:13267: result: no
configure:13274: checking for CFLocaleCopyCurrent
configure:13292: gcc -o conftest -g -O2   conftest.c  -Wl,-framework -Wl,CoreFoundation >&5
conftest.c:23:10: fatal error: CoreFoundation/CFLocale.h: No such file or directory
 #include <CoreFoundation/CFLocale.h>
          ^~~~~~~~~~~~~~~~~~~~~~~~~~~
compilation terminated.
configure:13292: $? = 1
configure: failed program was:
| /* confdefs.h */
| #define PACKAGE_NAME "the fast lexical analyser generator"
| #define PACKAGE_TARNAME "flex"
| #define PACKAGE_VERSION "2.6.3"
| #define PACKAGE_STRING "the fast lexical analyser generator 2.6.3"
| #define PACKAGE_BUGREPORT "flex-help@lists.sourceforge.net"
| #define PACKAGE_URL ""
| #define STDC_HEADERS 1
| #define HAVE_SYS_TYPES_H 1
| #define HAVE_SYS_STAT_H 1
| #define HAVE_STDLIB_H 1
| #define HAVE_STRING_H 1
| #define HAVE_MEMORY_H 1
| #define HAVE_STRINGS_H 1
| #define HAVE_INTTYPES_H 1
| #define HAVE_STDINT_H 1
| #define HAVE_UNISTD_H 1
| #define HAVE_DLFCN_H 1
| #define LT_OBJDIR ".libs/"
| #define PACKAGE "flex"
| #define VERSION "2.6.3"
| /* end confdefs.h.  */
| #include <CoreFoundation/CFLocale.h>
| int
| main ()
| {
| CFLocaleCopyCurrent();
|   ;
|   return 0;
| }
configure:13301: result: no
configure:13350: checking for GNU gettext in libc
configure:13374: gcc -o conftest -g -O2   conftest.c  >&5
configure:13374: $? = 0
configure:13383: result: yes
configure:14211: checking whether to use NLS
configure:14213: result: yes
configure:14216: checking where the gettext function comes from
configure:14227: result: libc
configure:14289: checking for bison
configure:14305: found /usr/local/bin/bison
configure:14316: result: bison -y
configure:14332: checking for flex
configure:14362: result: no
configure:14332: checking for lex
configure:14362: result: no
configure:14538: checking for gcc
configure:14565: result: gcc
configure:14794: checking for C compiler version
configure:14803: gcc --version >&5
gcc (Ubuntu 7.5.0-3ubuntu1~18.04) 7.5.0
Copyright (C) 2017 Free Software Foundation, Inc.
This is free software; see the source for copying conditions.  There is NO
warranty; not even for MERCHANTABILITY or FITNESS FOR A PARTICULAR PURPOSE.

configure:14814: $? = 0
configure:14803: gcc -v >&5
Using built-in specs.
COLLECT_GCC=gcc
COLLECT_LTO_WRAPPER=/usr/lib/gcc/x86_64-linux-gnu/7/lto-wrapper
OFFLOAD_TARGET_NAMES=nvptx-none
OFFLOAD_TARGET_DEFAULT=1
Target: x86_64-linux-gnu
Configured with: ../src/configure -v --with-pkgversion='Ubuntu 7.5.0-3ubuntu1~18.04' --with-bugurl=file:///usr/share/doc/gcc-7/README.Bugs --enable-languages=c,ada,c++,go,brig,d,fortran,objc,obj-c++ --prefix=/usr --with-gcc-major-version-only --program-suffix=-7 --program-prefix=x86_64-linux-gnu- --enable-shared --enable-linker-build-id --libexecdir=/usr/lib --without-included-gettext --enable-threads=posix --libdir=/usr/lib --enable-nls --enable-bootstrap --enable-clocale=gnu --enable-libstdcxx-debug --enable-libstdcxx-time=yes --with-default-libstdcxx-abi=new --enable-gnu-unique-object --disable-vtable-verify --enable-libmpx --enable-plugin --enable-default-pie --with-system-zlib --with-target-system-zlib --enable-objc-gc=auto --enable-multiarch --disable-werror --with-arch-32=i686 --with-abi=m64 --with-multilib-list=m32,m64,mx32 --enable-multilib --with-tune=generic --enable-offload-targets=nvptx-none --without-cuda-driver --enable-checking=release --build=x86_64-linux-gnu --host=x86_64-linux-gnu --target=x86_64-linux-gnu
Thread model: posix
gcc version 7.5.0 (Ubuntu 7.5.0-3ubuntu1~18.04) 
configure:14814: $? = 0
configure:14803: gcc -V >&5
gcc: error: unrecognized command line option '-V'
gcc: fatal error: no input files
compilation terminated.
configure:14814: $? = 1
configure:14803: gcc -qversion >&5
gcc: error: unrecognized command line option '-qversion'; did you mean '--version'?
gcc: fatal error: no input files
compilation terminated.
configure:14814: $? = 1
configure:14818: checking whether we are using the GNU C compiler
configure:14846: result: yes
configure:14855: checking whether gcc accepts -g
configure:14916: result: yes
configure:14933: checking for gcc option to accept ISO C89
configure:15009: result: none needed
configure:15034: checking whether gcc understands -c and -o together
configure:15071: result: yes
configure:15146: checking for g++
configure:15162: found /usr/bin/g++
configure:15173: result: g++
configure:15200: checking for C++ compiler version
configure:15209: g++ --version >&5
g++ (Ubuntu 7.5.0-3ubuntu1~18.04) 7.5.0
Copyright (C) 2017 Free Software Foundation, Inc.
This is free software; see the source for copying conditions.  There is NO
warranty; not even for MERCHANTABILITY or FITNESS FOR A PARTICULAR PURPOSE.

configure:15220: $? = 0
configure:15209: g++ -v >&5
Using built-in specs.
COLLECT_GCC=g++
COLLECT_LTO_WRAPPER=/usr/lib/gcc/x86_64-linux-gnu/7/lto-wrapper
OFFLOAD_TARGET_NAMES=nvptx-none
OFFLOAD_TARGET_DEFAULT=1
Target: x86_64-linux-gnu
Configured with: ../src/configure -v --with-pkgversion='Ubuntu 7.5.0-3ubuntu1~18.04' --with-bugurl=file:///usr/share/doc/gcc-7/README.Bugs --enable-languages=c,ada,c++,go,brig,d,fortran,objc,obj-c++ --prefix=/usr --with-gcc-major-version-only --program-suffix=-7 --program-prefix=x86_64-linux-gnu- --enable-shared --enable-linker-build-id --libexecdir=/usr/lib --without-included-gettext --enable-threads=posix --libdir=/usr/lib --enable-nls --enable-bootstrap --enable-clocale=gnu --enable-libstdcxx-debug --enable-libstdcxx-time=yes --with-default-libstdcxx-abi=new --enable-gnu-unique-object --disable-vtable-verify --enable-libmpx --enable-plugin --enable-default-pie --with-system-zlib --with-target-system-zlib --enable-objc-gc=auto --enable-multiarch --disable-werror --with-arch-32=i686 --with-abi=m64 --with-multilib-list=m32,m64,mx32 --enable-multilib --with-tune=generic --enable-offload-targets=nvptx-none --without-cuda-driver --enable-checking=release --build=x86_64-linux-gnu --host=x86_64-linux-gnu --target=x86_64-linux-gnu
Thread model: posix
gcc version 7.5.0 (Ubuntu 7.5.0-3ubuntu1~18.04) 
configure:15220: $? = 0
configure:15209: g++ -V >&5
g++: error: unrecognized command line option '-V'
g++: fatal error: no input files
compilation terminated.
configure:15220: $? = 1
configure:15209: g++ -qversion >&5
g++: error: unrecognized command line option '-qversion'; did you mean '--version'?
g++: fatal error: no input files
compilation terminated.
configure:15220: $? = 1
configure:15224: checking whether we are using the GNU C++ compiler
configure:15243: g++ -c   conftest.cpp >&5
configure:15243: $? = 0
configure:15252: result: yes
configure:15261: checking whether g++ accepts -g
configure:15281: g++ -c -g  conftest.cpp >&5
configure:15281: $? = 0
configure:15322: result: yes
configure:15363: checking how to run the C++ preprocessor
configure:15390: g++ -E  conftest.cpp
configure:15390: $? = 0
configure:15404: g++ -E  conftest.cpp
conftest.cpp:26:10: fatal error: ac_nonexistent.h: No such file or directory
 #include <ac_nonexistent.h>
          ^~~~~~~~~~~~~~~~~~
compilation terminated.
configure:15404: $? = 1
configure: failed program was:
| /* confdefs.h */
| #define PACKAGE_NAME "the fast lexical analyser generator"
| #define PACKAGE_TARNAME "flex"
| #define PACKAGE_VERSION "2.6.3"
| #define PACKAGE_STRING "the fast lexical analyser generator 2.6.3"
| #define PACKAGE_BUGREPORT "flex-help@lists.sourceforge.net"
| #define PACKAGE_URL ""
| #define STDC_HEADERS 1
| #define HAVE_SYS_TYPES_H 1
| #define HAVE_SYS_STAT_H 1
| #define HAVE_STDLIB_H 1
| #define HAVE_STRING_H 1
| #define HAVE_MEMORY_H 1
| #define HAVE_STRINGS_H 1
| #define HAVE_INTTYPES_H 1
| #define HAVE_STDINT_H 1
| #define HAVE_UNISTD_H 1
| #define HAVE_DLFCN_H 1
| #define LT_OBJDIR ".libs/"
| #define PACKAGE "flex"
| #define VERSION "2.6.3"
| #define ENABLE_NLS 1
| #define HAVE_GETTEXT 1
| #define HAVE_DCGETTEXT 1
| /* end confdefs.h.  */
| #include <ac_nonexistent.h>
configure:15429: result: g++ -E
configure:15449: g++ -E  conftest.cpp
configure:15449: $? = 0
configure:15463: g++ -E  conftest.cpp
conftest.cpp:26:10: fatal error: ac_nonexistent.h: No such file or directory
 #include <ac_nonexistent.h>
          ^~~~~~~~~~~~~~~~~~
compilation terminated.
configure:15463: $? = 1
configure: failed program was:
| /* confdefs.h */
| #define PACKAGE_NAME "the fast lexical analyser generator"
| #define PACKAGE_TARNAME "flex"
| #define PACKAGE_VERSION "2.6.3"
| #define PACKAGE_STRING "the fast lexical analyser generator 2.6.3"
| #define PACKAGE_BUGREPORT "flex-help@lists.sourceforge.net"
| #define PACKAGE_URL ""
| #define STDC_HEADERS 1
| #define HAVE_SYS_TYPES_H 1
| #define HAVE_SYS_STAT_H 1
| #define HAVE_STDLIB_H 1
| #define HAVE_STRING_H 1
| #define HAVE_MEMORY_H 1
| #define HAVE_STRINGS_H 1
| #define HAVE_INTTYPES_H 1
| #define HAVE_STDINT_H 1
| #define HAVE_UNISTD_H 1
| #define HAVE_DLFCN_H 1
| #define LT_OBJDIR ".libs/"
| #define PACKAGE "flex"
| #define VERSION "2.6.3"
| #define ENABLE_NLS 1
| #define HAVE_GETTEXT 1
| #define HAVE_DCGETTEXT 1
| /* end confdefs.h.  */
| #include <ac_nonexistent.h>
configure:15625: checking for ld used by g++
configure:15692: result: /usr/bin/ld -m elf_x86_64
configure:15699: checking if the linker (/usr/bin/ld -m elf_x86_64) is GNU ld
configure:15714: result: yes
configure:15769: checking whether the g++ linker (/usr/bin/ld -m elf_x86_64) supports shared libraries
configure:16842: result: yes
configure:16878: g++ -c -g -O2  conftest.cpp >&5
configure:16881: $? = 0
configure:17362: checking for g++ option to produce PIC
configure:17369: result: -fPIC -DPIC
configure:17377: checking if g++ PIC flag -fPIC -DPIC works
configure:17395: g++ -c -g -O2  -fPIC -DPIC -DPIC conftest.cpp >&5
configure:17399: $? = 0
configure:17412: result: yes
configure:17435: checking if g++ static flag -static works
configure:17463: result: yes
configure:17475: checking if g++ supports -c -o file.o
configure:17496: g++ -c -g -O2  -o out/conftest2.o conftest.cpp >&5
configure:17500: $? = 0
configure:17522: result: yes
configure:17527: checking if g++ supports -c -o file.o
configure:17574: result: yes
configure:17604: checking whether the g++ linker (/usr/bin/ld -m elf_x86_64) supports shared libraries
configure:17647: result: yes
configure:17788: checking dynamic linker characteristics
configure:18545: result: GNU/Linux ld.so
configure:18610: checking how to hardcode library paths into programs
configure:18635: result: immediate
configure:18677: checking dependency style of g++
configure:18788: result: gcc3
configure:18804: checking whether ln -s works
configure:18808: result: yes
configure:18819: checking for gawk
configure:18846: result: gawk
configure:18910: checking for bison
configure:18928: found /usr/local/bin/bison
configure:18941: result: /usr/local/bin/bison
configure:18961: checking for help2man
configure:18992: result: ${top_srcdir}/build-aux/missing help2man
configure:19001: WARNING: help2man: program not found: building man page will not work
configure:19010: checking for gtexi2dvi
configure:19043: result: no
configure:19010: checking for texi2dvi
configure:19043: result: no
configure:19053: WARNING: texi2dvi: program not found: building pdf version of manual will not work
configure:19060: checking for m4 that supports -P
configure:19093: result: /usr/bin/m4
configure:19105: checking for indent
configure:19136: result: indent
configure:19158: WARNING: no indent program found: make indent target will not function
configure:19167: checking for inttypes.h
configure:19167: result: yes
configure:19167: checking libintl.h usability
configure:19167: gcc -c -g -O2  conftest.c >&5
configure:19167: $? = 0
configure:19167: result: yes
configure:19167: checking libintl.h presence
configure:19167: gcc -E  conftest.c
configure:19167: $? = 0
configure:19167: result: yes
configure:19167: checking for libintl.h
configure:19167: result: yes
configure:19167: checking limits.h usability
configure:19167: gcc -c -g -O2  conftest.c >&5
configure:19167: $? = 0
configure:19167: result: yes
configure:19167: checking limits.h presence
configure:19167: gcc -E  conftest.c
configure:19167: $? = 0
configure:19167: result: yes
configure:19167: checking for limits.h
configure:19167: result: yes
configure:19167: checking locale.h usability
configure:19167: gcc -c -g -O2  conftest.c >&5
configure:19167: $? = 0
configure:19167: result: yes
configure:19167: checking locale.h presence
configure:19167: gcc -E  conftest.c
configure:19167: $? = 0
configure:19167: result: yes
configure:19167: checking for locale.h
configure:19167: result: yes
configure:19167: checking malloc.h usability
configure:19167: gcc -c -g -O2  conftest.c >&5
configure:19167: $? = 0
configure:19167: result: yes
configure:19167: checking malloc.h presence
configure:19167: gcc -E  conftest.c
configure:19167: $? = 0
configure:19167: result: yes
configure:19167: checking for malloc.h
configure:19167: result: yes
configure:19167: checking netinet/in.h usability
configure:19167: gcc -c -g -O2  conftest.c >&5
configure:19167: $? = 0
configure:19167: result: yes
configure:19167: checking netinet/in.h presence
configure:19167: gcc -E  conftest.c
configure:19167: $? = 0
configure:19167: result: yes
configure:19167: checking for netinet/in.h
configure:19167: result: yes
configure:19167: checking regex.h usability
configure:19167: gcc -c -g -O2  conftest.c >&5
configure:19167: $? = 0
configure:19167: result: yes
configure:19167: checking regex.h presence
configure:19167: gcc -E  conftest.c
configure:19167: $? = 0
configure:19167: result: yes
configure:19167: checking for regex.h
configure:19167: result: yes
configure:19167: checking for unistd.h
configure:19167: result: yes
configure:19184: checking for pthread_mutex_lock in -lpthread
configure:19209: gcc -o conftest -g -O2   conftest.c -lpthread   >&5
configure:19209: $? = 0
configure:19218: result: yes
configure:19233: checking pthread.h usability
configure:19233: gcc -c -g -O2  conftest.c >&5
configure:19233: $? = 0
configure:19233: result: yes
configure:19233: checking pthread.h presence
configure:19233: gcc -E  conftest.c
configure:19233: $? = 0
configure:19233: result: yes
configure:19233: checking for pthread.h
configure:19233: result: yes
configure:19252: checking for log10 in -lm
configure:19277: gcc -o conftest -g -O2   conftest.c -lm   >&5
conftest.c:44:6: warning: conflicting types for built-in function 'log10' [-Wbuiltin-declaration-mismatch]
 char log10 ();
      ^~~~~
configure:19277: $? = 0
configure:19286: result: yes
configure:19300: checking for stdbool.h that conforms to C99
configure:19367: gcc -c -g -O2  conftest.c >&5
configure:19367: $? = 0
configure:19374: result: yes
configure:19376: checking for _Bool
configure:19376: gcc -c -g -O2  conftest.c >&5
configure:19376: $? = 0
configure:19376: gcc -c -g -O2  conftest.c >&5
conftest.c: In function 'main':
conftest.c:74:20: error: expected expression before ')' token
 if (sizeof ((_Bool)))
                    ^
configure:19376: $? = 1
configure: failed program was:
| /* confdefs.h */
| #define PACKAGE_NAME "the fast lexical analyser generator"
| #define PACKAGE_TARNAME "flex"
| #define PACKAGE_VERSION "2.6.3"
| #define PACKAGE_STRING "the fast lexical analyser generator 2.6.3"
| #define PACKAGE_BUGREPORT "flex-help@lists.sourceforge.net"
| #define PACKAGE_URL ""
| #define STDC_HEADERS 1
| #define HAVE_SYS_TYPES_H 1
| #define HAVE_SYS_STAT_H 1
| #define HAVE_STDLIB_H 1
| #define HAVE_STRING_H 1
| #define HAVE_MEMORY_H 1
| #define HAVE_STRINGS_H 1
| #define HAVE_INTTYPES_H 1
| #define HAVE_STDINT_H 1
| #define HAVE_UNISTD_H 1
| #define HAVE_DLFCN_H 1
| #define LT_OBJDIR ".libs/"
| #define PACKAGE "flex"
| #define VERSION "2.6.3"
| #define ENABLE_NLS 1
| #define HAVE_GETTEXT 1
| #define HAVE_DCGETTEXT 1
| #define M4 "/usr/bin/m4"
| #define HAVE_INTTYPES_H 1
| #define HAVE_LIBINTL_H 1
| #define HAVE_LIMITS_H 1
| #define HAVE_LOCALE_H 1
| #define HAVE_MALLOC_H 1
| #define HAVE_NETINET_IN_H 1
| #define HAVE_REGEX_H 1
| #define HAVE_UNISTD_H 1
| #define HAVE_LIBPTHREAD 1
| #define HAVE_PTHREAD_H 1
| #define HAVE_LIBM 1
| /* end confdefs.h.  */
| #include <stdio.h>
| #ifdef HAVE_SYS_TYPES_H
| # include <sys/types.h>
| #endif
| #ifdef HAVE_SYS_STAT_H
| # include <sys/stat.h>
| #endif
| #ifdef STDC_HEADERS
| # include <stdlib.h>
| # include <stddef.h>
| #else
| # ifdef HAVE_STDLIB_H
| #  include <stdlib.h>
| # endif
| #endif
| #ifdef HAVE_STRING_H
| # if !defined STDC_HEADERS && defined HAVE_MEMORY_H
| #  include <memory.h>
| # endif
| # include <string.h>
| #endif
| #ifdef HAVE_STRINGS_H
| # include <strings.h>
| #endif
| #ifdef HAVE_INTTYPES_H
| # include <inttypes.h>
| #endif
| #ifdef HAVE_STDINT_H
| # include <stdint.h>
| #endif
| #ifdef HAVE_UNISTD_H
| # include <unistd.h>
| #endif
| int
| main ()
| {
| if (sizeof ((_Bool)))
| 	    return 0;
|   ;
|   return 0;
| }
configure:19376: result: yes
configure:19393: checking for an ANSI C-conforming const
configure:19459: gcc -c -g -O2  conftest.c >&5
configure:19459: $? = 0
configure:19466: result: yes
configure:19474: checking for size_t
configure:19474: gcc -c -g -O2  conftest.c >&5
configure:19474: $? = 0
configure:19474: gcc -c -g -O2  conftest.c >&5
conftest.c: In function 'main':
conftest.c:76:21: error: expected expression before ')' token
 if (sizeof ((size_t)))
                     ^
configure:19474: $? = 1
configure: failed program was:
| /* confdefs.h */
| #define PACKAGE_NAME "the fast lexical analyser generator"
| #define PACKAGE_TARNAME "flex"
| #define PACKAGE_VERSION "2.6.3"
| #define PACKAGE_STRING "the fast lexical analyser generator 2.6.3"
| #define PACKAGE_BUGREPORT "flex-help@lists.sourceforge.net"
| #define PACKAGE_URL ""
| #define STDC_HEADERS 1
| #define HAVE_SYS_TYPES_H 1
| #define HAVE_SYS_STAT_H 1
| #define HAVE_STDLIB_H 1
| #define HAVE_STRING_H 1
| #define HAVE_MEMORY_H 1
| #define HAVE_STRINGS_H 1
| #define HAVE_INTTYPES_H 1
| #define HAVE_STDINT_H 1
| #define HAVE_UNISTD_H 1
| #define HAVE_DLFCN_H 1
| #define LT_OBJDIR ".libs/"
| #define PACKAGE "flex"
| #define VERSION "2.6.3"
| #define ENABLE_NLS 1
| #define HAVE_GETTEXT 1
| #define HAVE_DCGETTEXT 1
| #define M4 "/usr/bin/m4"
| #define HAVE_INTTYPES_H 1
| #define HAVE_LIBINTL_H 1
| #define HAVE_LIMITS_H 1
| #define HAVE_LOCALE_H 1
| #define HAVE_MALLOC_H 1
| #define HAVE_NETINET_IN_H 1
| #define HAVE_REGEX_H 1
| #define HAVE_UNISTD_H 1
| #define HAVE_LIBPTHREAD 1
| #define HAVE_PTHREAD_H 1
| #define HAVE_LIBM 1
| #define HAVE__BOOL 1
| #define HAVE_STDBOOL_H 1
| /* end confdefs.h.  */
| #include <stdio.h>
| #ifdef HAVE_SYS_TYPES_H
| # include <sys/types.h>
| #endif
| #ifdef HAVE_SYS_STAT_H
| # include <sys/stat.h>
| #endif
| #ifdef STDC_HEADERS
| # include <stdlib.h>
| # include <stddef.h>
| #else
| # ifdef HAVE_STDLIB_H
| #  include <stdlib.h>
| # endif
| #endif
| #ifdef HAVE_STRING_H
| # if !defined STDC_HEADERS && defined HAVE_MEMORY_H
| #  include <memory.h>
| # endif
| # include <string.h>
| #endif
| #ifdef HAVE_STRINGS_H
| # include <strings.h>
| #endif
| #ifdef HAVE_INTTYPES_H
| # include <inttypes.h>
| #endif
| #ifdef HAVE_STDINT_H
| # include <stdint.h>
| #endif
| #ifdef HAVE_UNISTD_H
| # include <unistd.h>
| #endif
| int
| main ()
| {
| if (sizeof ((size_t)))
| 	    return 0;
|   ;
|   return 0;
| }
configure:19474: result: yes
configure:19490: checking for working alloca.h
configure:19507: gcc -o conftest -g -O2   conftest.c -lm  >&5
configure:19507: $? = 0
configure:19515: result: yes
configure:19523: checking for alloca
configure:19560: gcc -o conftest -g -O2   conftest.c -lm  >&5
configure:19560: $? = 0
configure:19568: result: yes
configure:19674: checking for pid_t
configure:19674: gcc -c -g -O2  conftest.c >&5
configure:19674: $? = 0
configure:19674: gcc -c -g -O2  conftest.c >&5
conftest.c: In function 'main':
conftest.c:78:20: error: expected expression before ')' token
 if (sizeof ((pid_t)))
                    ^
configure:19674: $? = 1
configure: failed program was:
| /* confdefs.h */
| #define PACKAGE_NAME "the fast lexical analyser generator"
| #define PACKAGE_TARNAME "flex"
| #define PACKAGE_VERSION "2.6.3"
| #define PACKAGE_STRING "the fast lexical analyser generator 2.6.3"
| #define PACKAGE_BUGREPORT "flex-help@lists.sourceforge.net"
| #define PACKAGE_URL ""
| #define STDC_HEADERS 1
| #define HAVE_SYS_TYPES_H 1
| #define HAVE_SYS_STAT_H 1
| #define HAVE_STDLIB_H 1
| #define HAVE_STRING_H 1
| #define HAVE_MEMORY_H 1
| #define HAVE_STRINGS_H 1
| #define HAVE_INTTYPES_H 1
| #define HAVE_STDINT_H 1
| #define HAVE_UNISTD_H 1
| #define HAVE_DLFCN_H 1
| #define LT_OBJDIR ".libs/"
| #define PACKAGE "flex"
| #define VERSION "2.6.3"
| #define ENABLE_NLS 1
| #define HAVE_GETTEXT 1
| #define HAVE_DCGETTEXT 1
| #define M4 "/usr/bin/m4"
| #define HAVE_INTTYPES_H 1
| #define HAVE_LIBINTL_H 1
| #define HAVE_LIMITS_H 1
| #define HAVE_LOCALE_H 1
| #define HAVE_MALLOC_H 1
| #define HAVE_NETINET_IN_H 1
| #define HAVE_REGEX_H 1
| #define HAVE_UNISTD_H 1
| #define HAVE_LIBPTHREAD 1
| #define HAVE_PTHREAD_H 1
| #define HAVE_LIBM 1
| #define HAVE__BOOL 1
| #define HAVE_STDBOOL_H 1
| #define HAVE_ALLOCA_H 1
| #define HAVE_ALLOCA 1
| /* end confdefs.h.  */
| #include <stdio.h>
| #ifdef HAVE_SYS_TYPES_H
| # include <sys/types.h>
| #endif
| #ifdef HAVE_SYS_STAT_H
| # include <sys/stat.h>
| #endif
| #ifdef STDC_HEADERS
| # include <stdlib.h>
| # include <stddef.h>
| #else
| # ifdef HAVE_STDLIB_H
| #  include <stdlib.h>
| # endif
| #endif
| #ifdef HAVE_STRING_H
| # if !defined STDC_HEADERS && defined HAVE_MEMORY_H
| #  include <memory.h>
| # endif
| # include <string.h>
| #endif
| #ifdef HAVE_STRINGS_H
| # include <strings.h>
| #endif
| #ifdef HAVE_INTTYPES_H
| # include <inttypes.h>
| #endif
| #ifdef HAVE_STDINT_H
| # include <stdint.h>
| #endif
| #ifdef HAVE_UNISTD_H
| # include <unistd.h>
| #endif
| int
| main ()
| {
| if (sizeof ((pid_t)))
| 	    return 0;
|   ;
|   return 0;
| }
configure:19674: result: yes
configure:19687: checking vfork.h usability
configure:19687: gcc -c -g -O2  conftest.c >&5
conftest.c:75:10: fatal error: vfork.h: No such file or directory
 #include <vfork.h>
          ^~~~~~~~~
compilation terminated.
configure:19687: $? = 1
configure: failed program was:
| /* confdefs.h */
| #define PACKAGE_NAME "the fast lexical analyser generator"
| #define PACKAGE_TARNAME "flex"
| #define PACKAGE_VERSION "2.6.3"
| #define PACKAGE_STRING "the fast lexical analyser generator 2.6.3"
| #define PACKAGE_BUGREPORT "flex-help@lists.sourceforge.net"
| #define PACKAGE_URL ""
| #define STDC_HEADERS 1
| #define HAVE_SYS_TYPES_H 1
| #define HAVE_SYS_STAT_H 1
| #define HAVE_STDLIB_H 1
| #define HAVE_STRING_H 1
| #define HAVE_MEMORY_H 1
| #define HAVE_STRINGS_H 1
| #define HAVE_INTTYPES_H 1
| #define HAVE_STDINT_H 1
| #define HAVE_UNISTD_H 1
| #define HAVE_DLFCN_H 1
| #define LT_OBJDIR ".libs/"
| #define PACKAGE "flex"
| #define VERSION "2.6.3"
| #define ENABLE_NLS 1
| #define HAVE_GETTEXT 1
| #define HAVE_DCGETTEXT 1
| #define M4 "/usr/bin/m4"
| #define HAVE_INTTYPES_H 1
| #define HAVE_LIBINTL_H 1
| #define HAVE_LIMITS_H 1
| #define HAVE_LOCALE_H 1
| #define HAVE_MALLOC_H 1
| #define HAVE_NETINET_IN_H 1
| #define HAVE_REGEX_H 1
| #define HAVE_UNISTD_H 1
| #define HAVE_LIBPTHREAD 1
| #define HAVE_PTHREAD_H 1
| #define HAVE_LIBM 1
| #define HAVE__BOOL 1
| #define HAVE_STDBOOL_H 1
| #define HAVE_ALLOCA_H 1
| #define HAVE_ALLOCA 1
| /* end confdefs.h.  */
| #include <stdio.h>
| #ifdef HAVE_SYS_TYPES_H
| # include <sys/types.h>
| #endif
| #ifdef HAVE_SYS_STAT_H
| # include <sys/stat.h>
| #endif
| #ifdef STDC_HEADERS
| # include <stdlib.h>
| # include <stddef.h>
| #else
| # ifdef HAVE_STDLIB_H
| #  include <stdlib.h>
| # endif
| #endif
| #ifdef HAVE_STRING_H
| # if !defined STDC_HEADERS && defined HAVE_MEMORY_H
| #  include <memory.h>
| # endif
| # include <string.h>
| #endif
| #ifdef HAVE_STRINGS_H
| # include <strings.h>
| #endif
| #ifdef HAVE_INTTYPES_H
| # include <inttypes.h>
| #endif
| #ifdef HAVE_STDINT_H
| # include <stdint.h>
| #endif
| #ifdef HAVE_UNISTD_H
| # include <unistd.h>
| #endif
| #include <vfork.h>
configure:19687: result: no
configure:19687: checking vfork.h presence
configure:19687: gcc -E  conftest.c
conftest.c:42:10: fatal error: vfork.h: No such file or directory
 #include <vfork.h>
          ^~~~~~~~~
compilation terminated.
configure:19687: $? = 1
configure: failed program was:
| /* confdefs.h */
| #define PACKAGE_NAME "the fast lexical analyser generator"
| #define PACKAGE_TARNAME "flex"
| #define PACKAGE_VERSION "2.6.3"
| #define PACKAGE_STRING "the fast lexical analyser generator 2.6.3"
| #define PACKAGE_BUGREPORT "flex-help@lists.sourceforge.net"
| #define PACKAGE_URL ""
| #define STDC_HEADERS 1
| #define HAVE_SYS_TYPES_H 1
| #define HAVE_SYS_STAT_H 1
| #define HAVE_STDLIB_H 1
| #define HAVE_STRING_H 1
| #define HAVE_MEMORY_H 1
| #define HAVE_STRINGS_H 1
| #define HAVE_INTTYPES_H 1
| #define HAVE_STDINT_H 1
| #define HAVE_UNISTD_H 1
| #define HAVE_DLFCN_H 1
| #define LT_OBJDIR ".libs/"
| #define PACKAGE "flex"
| #define VERSION "2.6.3"
| #define ENABLE_NLS 1
| #define HAVE_GETTEXT 1
| #define HAVE_DCGETTEXT 1
| #define M4 "/usr/bin/m4"
| #define HAVE_INTTYPES_H 1
| #define HAVE_LIBINTL_H 1
| #define HAVE_LIMITS_H 1
| #define HAVE_LOCALE_H 1
| #define HAVE_MALLOC_H 1
| #define HAVE_NETINET_IN_H 1
| #define HAVE_REGEX_H 1
| #define HAVE_UNISTD_H 1
| #define HAVE_LIBPTHREAD 1
| #define HAVE_PTHREAD_H 1
| #define HAVE_LIBM 1
| #define HAVE__BOOL 1
| #define HAVE_STDBOOL_H 1
| #define HAVE_ALLOCA_H 1
| #define HAVE_ALLOCA 1
| /* end confdefs.h.  */
| #include <vfork.h>
configure:19687: result: no
configure:19687: checking for vfork.h
configure:19687: result: no
configure:19700: checking for fork
configure:19700: gcc -o conftest -g -O2   conftest.c -lm  >&5
conftest.c:65:6: warning: conflicting types for built-in function 'fork' [-Wbuiltin-declaration-mismatch]
 char fork ();
      ^~~~
configure:19700: $? = 0
configure:19700: result: yes
configure:19700: checking for vfork
configure:19700: gcc -o conftest -g -O2   conftest.c -lm  >&5
configure:19700: $? = 0
configure:19700: result: yes
configure:19710: checking for working fork
configure:19732: gcc -o conftest -g -O2   conftest.c -lm  >&5
configure:19732: $? = 0
configure:19732: ./conftest
configure:19732: $? = 0
configure:19742: result: yes
configure:19763: checking for working vfork
configure:19873: result: yes
configure:19900: checking for stdlib.h
configure:19900: result: yes
configure:19910: checking for GNU libc compatible malloc
configure:19934: gcc -o conftest -g -O2   conftest.c -lm  >&5
configure:19934: $? = 0
configure:19934: ./conftest
configure:19934: $? = 0
configure:19944: result: yes
configure:19971: checking for stdlib.h
configure:19971: result: yes
configure:19981: checking for GNU libc compatible realloc
configure:20005: gcc -o conftest -g -O2   conftest.c -lm  >&5
configure:20005: $? = 0
configure:20005: ./conftest
configure:20005: $? = 0
configure:20015: result: yes
configure:20044: checking for dup2
configure:20044: gcc -o conftest -g -O2   conftest.c -lm  >&5
configure:20044: $? = 0
configure:20044: result: yes
configure:20044: checking for memset
configure:20044: gcc -o conftest -g -O2   conftest.c -lm  >&5
conftest.c:74:6: warning: conflicting types for built-in function 'memset' [-Wbuiltin-declaration-mismatch]
 char memset ();
      ^~~~~~
configure:20044: $? = 0
configure:20044: result: yes
configure:20044: checking for pow
configure:20044: gcc -o conftest -g -O2   conftest.c -lm  >&5
conftest.c:75:6: warning: conflicting types for built-in function 'pow' [-Wbuiltin-declaration-mismatch]
 char pow ();
      ^~~
configure:20044: $? = 0
configure:20044: result: yes
configure:20044: checking for regcomp
configure:20044: gcc -o conftest -g -O2   conftest.c -lm  >&5
configure:20044: $? = 0
configure:20044: result: yes
configure:20044: checking for setlocale
configure:20044: gcc -o conftest -g -O2   conftest.c -lm  >&5
configure:20044: $? = 0
configure:20044: result: yes
configure:20044: checking for strchr
configure:20044: gcc -o conftest -g -O2   conftest.c -lm  >&5
conftest.c:78:6: warning: conflicting types for built-in function 'strchr' [-Wbuiltin-declaration-mismatch]
 char strchr ();
      ^~~~~~
configure:20044: $? = 0
configure:20044: result: yes
configure:20044: checking for strdup
configure:20044: gcc -o conftest -g -O2   conftest.c -lm  >&5
conftest.c:79:6: warning: conflicting types for built-in function 'strdup' [-Wbuiltin-declaration-mismatch]
 char strdup ();
      ^~~~~~
configure:20044: $? = 0
configure:20044: result: yes
configure:20044: checking for strtol
configure:20044: gcc -o conftest -g -O2   conftest.c -lm  >&5
configure:20044: $? = 0
configure:20044: result: yes
configure:20054: checking for reallocarray
configure:20054: gcc -o conftest -g -O2   conftest.c -lm  >&5
configure:20054: $? = 0
configure:20054: result: yes
configure:20181: checking that generated files are newer than configure
configure:20187: result: done
configure:20226: creating ./config.status

## ---------------------- ##
## Running config.status. ##
## ---------------------- ##

This file was extended by the fast lexical analyser generator config.status 2.6.3, which was
generated by GNU Autoconf 2.69.  Invocation command line was

  CONFIG_FILES    = 
  CONFIG_HEADERS  = 
  CONFIG_LINKS    = 
  CONFIG_COMMANDS = 
  $ ./config.status 

on stm

config.status:1236: creating Makefile
config.status:1236: creating doc/Makefile
config.status:1236: creating examples/Makefile
config.status:1236: creating examples/fastwc/Makefile
config.status:1236: creating examples/manual/Makefile
config.status:1236: creating lib/Makefile
config.status:1236: creating po/Makefile.in
config.status:1236: creating src/Makefile
config.status:1236: creating tools/Makefile
config.status:1236: creating tests/Makefile
config.status:1236: creating src/config.h
config.status:1465: executing libtool commands
config.status:1465: executing depfiles commands
config.status:1465: executing po-directories commands

## ---------------- ##
## Cache variables. ##
## ---------------- ##

ac_cv_build=x86_64-pc-linux-gnu
ac_cv_c_compiler_gnu=yes
ac_cv_c_const=yes
ac_cv_cxx_compiler_gnu=yes
ac_cv_env_CCC_set=
ac_cv_env_CCC_value=
ac_cv_env_CC_set=
ac_cv_env_CC_value=
ac_cv_env_CFLAGS_set=
ac_cv_env_CFLAGS_value=
ac_cv_env_CPPFLAGS_set=
ac_cv_env_CPPFLAGS_value=
ac_cv_env_CPP_set=
ac_cv_env_CPP_value=
ac_cv_env_CXXCPP_set=
ac_cv_env_CXXCPP_value=
ac_cv_env_CXXFLAGS_set=
ac_cv_env_CXXFLAGS_value=
ac_cv_env_CXX_set=
ac_cv_env_CXX_value=
ac_cv_env_LDFLAGS_set=
ac_cv_env_LDFLAGS_value=
ac_cv_env_LIBS_set=
ac_cv_env_LIBS_value=
ac_cv_env_LT_SYS_LIBRARY_PATH_set=
ac_cv_env_LT_SYS_LIBRARY_PATH_value=
ac_cv_env_YACC_set=
ac_cv_env_YACC_value=
ac_cv_env_YFLAGS_set=
ac_cv_env_YFLAGS_value=
ac_cv_env_build_alias_set=
ac_cv_env_build_alias_value=
ac_cv_env_host_alias_set=
ac_cv_env_host_alias_value=
ac_cv_env_target_alias_set=
ac_cv_env_target_alias_value=
ac_cv_func_alloca_works=yes
ac_cv_func_dup2=yes
ac_cv_func_fork=yes
ac_cv_func_fork_works=yes
ac_cv_func_malloc_0_nonnull=yes
ac_cv_func_memset=yes
ac_cv_func_pow=yes
ac_cv_func_realloc_0_nonnull=yes
ac_cv_func_reallocarray=yes
ac_cv_func_regcomp=yes
ac_cv_func_setlocale=yes
ac_cv_func_strchr=yes
ac_cv_func_strdup=yes
ac_cv_func_strtol=yes
ac_cv_func_vfork=yes
ac_cv_func_vfork_works=yes
ac_cv_header_dlfcn_h=yes
ac_cv_header_inttypes_h=yes
ac_cv_header_libintl_h=yes
ac_cv_header_limits_h=yes
ac_cv_header_locale_h=yes
ac_cv_header_malloc_h=yes
ac_cv_header_memory_h=yes
ac_cv_header_netinet_in_h=yes
ac_cv_header_pthread_h=yes
ac_cv_header_regex_h=yes
ac_cv_header_stdbool_h=yes
ac_cv_header_stdc=yes
ac_cv_header_stdint_h=yes
ac_cv_header_stdlib_h=yes
ac_cv_header_string_h=yes
ac_cv_header_strings_h=yes
ac_cv_header_sys_stat_h=yes
ac_cv_header_sys_types_h=yes
ac_cv_header_unistd_h=yes
ac_cv_header_vfork_h=no
ac_cv_host=x86_64-pc-linux-gnu
ac_cv_lib_m_log10=yes
ac_cv_lib_pthread_pthread_mutex_lock=yes
ac_cv_objext=o
ac_cv_path_BISON=/usr/local/bin/bison
ac_cv_path_EGREP='/bin/grep -E'
ac_cv_path_FGREP='/bin/grep -F'
ac_cv_path_GMSGFMT=:
ac_cv_path_GREP=/bin/grep
ac_cv_path_HELP2MAN='${top_srcdir}/build-aux/missing help2man'
ac_cv_path_INDENT=indent
ac_cv_path_M4=/usr/bin/m4
ac_cv_path_MSGFMT=:
ac_cv_path_MSGMERGE=:
ac_cv_path_SED=/bin/sed
ac_cv_path_XGETTEXT=:
ac_cv_path_install='/usr/bin/install -c'
ac_cv_path_lt_DD=/bin/dd
ac_cv_path_mkdir=/bin/mkdir
ac_cv_prog_AWK=gawk
ac_cv_prog_CPP='gcc -E'
ac_cv_prog_CXXCPP='g++ -E'
ac_cv_prog_YACC='bison -y'
ac_cv_prog_ac_ct_AR=ar
ac_cv_prog_ac_ct_CC=gcc
ac_cv_prog_ac_ct_CXX=g++
ac_cv_prog_ac_ct_MANIFEST_TOOL=mt
ac_cv_prog_ac_ct_OBJDUMP=objdump
ac_cv_prog_ac_ct_RANLIB=ranlib
ac_cv_prog_ac_ct_STRIP=strip
ac_cv_prog_cc_c89=
ac_cv_prog_cc_g=yes
ac_cv_prog_cxx_g=yes
ac_cv_prog_make_make_set=yes
ac_cv_type__Bool=yes
ac_cv_type_pid_t=yes
ac_cv_type_size_t=yes
ac_cv_working_alloca_h=yes
acl_cv_hardcode_direct=no
acl_cv_hardcode_libdir_flag_spec='${wl}-rpath ${wl}$libdir'
acl_cv_hardcode_libdir_separator=
acl_cv_hardcode_minus_L=no
acl_cv_libext=a
acl_cv_libname_spec='lib$name'
acl_cv_library_names_spec='$libname$shrext'
acl_cv_path_LD='/usr/bin/ld -m elf_x86_64'
acl_cv_prog_gnu_ld=yes
acl_cv_rpath=done
acl_cv_shlibext=so
acl_cv_wl=-Wl,
am_cv_CC_dependencies_compiler_type=gcc3
am_cv_CXX_dependencies_compiler_type=gcc3
am_cv_make_support_nested_variables=yes
am_cv_prog_cc_c_o=yes
gt_cv_func_CFLocaleCopyCurrent=no
gt_cv_func_CFPreferencesCopyAppValue=no
gt_cv_func_gnugettext1_libc=yes
lt_cv_ar_at_file=@
lt_cv_archive_cmds_need_lc=no
lt_cv_deplibs_check_method=pass_all
lt_cv_file_magic_cmd='$MAGIC_CMD'
lt_cv_file_magic_test_file=
lt_cv_ld_reload_flag=-r
lt_cv_nm_interface='BSD nm'
lt_cv_objdir=.libs
lt_cv_path_LD=/usr/bin/ld
lt_cv_path_LDCXX='/usr/bin/ld -m elf_x86_64'
lt_cv_path_NM='/usr/bin/nm -B'
lt_cv_path_mainfest_tool=no
lt_cv_prog_compiler_c_o=yes
lt_cv_prog_compiler_c_o_CXX=yes
lt_cv_prog_compiler_pic='-fPIC -DPIC'
lt_cv_prog_compiler_pic_CXX='-fPIC -DPIC'
lt_cv_prog_compiler_pic_works=yes
lt_cv_prog_compiler_pic_works_CXX=yes
lt_cv_prog_compiler_rtti_exceptions=no
lt_cv_prog_compiler_static_works=yes
lt_cv_prog_compiler_static_works_CXX=yes
lt_cv_prog_gnu_ld=yes
lt_cv_prog_gnu_ldcxx=yes
lt_cv_sharedlib_from_linklib_cmd='printf %s\n'
lt_cv_shlibpath_overrides_runpath=yes
lt_cv_sys_global_symbol_pipe='sed -n -e '\''s/^.*[	 ]\([ABCDGIRSTW][ABCDGIRSTW]*\)[	 ][	 ]*\([_A-Za-z][_A-Za-z0-9]*\)$/\1 \2 \2/p'\'' | sed '\''/ __gnu_lto/d'\'''
lt_cv_sys_global_symbol_to_c_name_address='sed -n -e '\''s/^: \(.*\) .*$/  {"\1", (void *) 0},/p'\'' -e '\''s/^[ABCDGIRSTW][ABCDGIRSTW]* .* \(.*\)$/  {"\1", (void *) \&\1},/p'\'''
lt_cv_sys_global_symbol_to_c_name_address_lib_prefix='sed -n -e '\''s/^: \(.*\) .*$/  {"\1", (void *) 0},/p'\'' -e '\''s/^[ABCDGIRSTW][ABCDGIRSTW]* .* \(lib.*\)$/  {"\1", (void *) \&\1},/p'\'' -e '\''s/^[ABCDGIRSTW][ABCDGIRSTW]* .* \(.*\)$/  {"lib\1", (void *) \&\1},/p'\'''
lt_cv_sys_global_symbol_to_cdecl='sed -n -e '\''s/^T .* \(.*\)$/extern int \1();/p'\'' -e '\''s/^[ABCDGIRSTW][ABCDGIRSTW]* .* \(.*\)$/extern char \1;/p'\'''
lt_cv_sys_global_symbol_to_import=
lt_cv_sys_max_cmd_len=1572864
lt_cv_to_host_file_cmd=func_convert_file_noop
lt_cv_to_tool_file_cmd=func_convert_file_noop
lt_cv_truncate_bin='/bin/dd bs=4096 count=1'

## ----------------- ##
## Output variables. ##
## ----------------- ##

ACLOCAL='${SHELL} /opt/stm/im-sensors_drv/lm-sensors/flex-2.6.3/build-aux/missing aclocal-1.15'
ALLOCA=''
AMDEPBACKSLASH='\'
AMDEP_FALSE='#'
AMDEP_TRUE=''
AMTAR='$${TAR-tar}'
AM_BACKSLASH='\'
AM_DEFAULT_V='$(AM_DEFAULT_VERBOSITY)'
AM_DEFAULT_VERBOSITY='1'
AM_V='$(V)'
AR='ar'
AUTOCONF='${SHELL} /opt/stm/im-sensors_drv/lm-sensors/flex-2.6.3/build-aux/missing autoconf'
AUTOHEADER='${SHELL} /opt/stm/im-sensors_drv/lm-sensors/flex-2.6.3/build-aux/missing autoheader'
AUTOMAKE='${SHELL} /opt/stm/im-sensors_drv/lm-sensors/flex-2.6.3/build-aux/missing automake-1.15'
AWK='gawk'
BISON='/usr/local/bin/bison'
CC='gcc'
CCDEPMODE='depmode=gcc3'
CFLAGS='-g -O2'
CPP='gcc -E'
CPPFLAGS=''
CXX='g++'
CXXCPP='g++ -E'
CXXDEPMODE='depmode=gcc3'
CXXFLAGS='-g -O2'
CYGPATH_W='echo'
DEFS='-DHAVE_CONFIG_H'
DEPDIR='.deps'
DLLTOOL='false'
DSYMUTIL=''
DUMPBIN=''
ECHO_C=''
ECHO_N='-n'
ECHO_T=''
EGREP='/bin/grep -E'
ENABLE_BOOTSTRAP_FALSE='#'
ENABLE_BOOTSTRAP_TRUE=''
ENABLE_LIBFL_FALSE='#'
ENABLE_LIBFL_TRUE=''
EXEEXT=''
FGREP='/bin/grep -F'
GETTEXT_MACRO_VERSION='0.19'
GMSGFMT=':'
GMSGFMT_015=':'
GREP='/bin/grep'
HELP2MAN='${top_srcdir}/build-aux/missing help2man'
INDENT='indent'
INSTALL_DATA='${INSTALL} -m 644'
INSTALL_PROGRAM='${INSTALL}'
INSTALL_SCRIPT='${INSTALL}'
INSTALL_STRIP_PROGRAM='$(install_sh) -c -s'
INTLLIBS=''
INTL_MACOSX_LIBS=''
LD='/usr/bin/ld -m elf_x86_64'
LDFLAGS=''
LEX='${SHELL} /opt/stm/im-sensors_drv/lm-sensors/flex-2.6.3/build-aux/missing flex'
LEXLIB=''
LEX_OUTPUT_ROOT=''
LIBICONV='-liconv'
LIBINTL=''
LIBOBJS=''
LIBS='-lm '
LIBTOOL='$(SHELL) $(top_builddir)/libtool'
LIPO=''
LN_S='ln -s'
LTLIBICONV='-liconv'
LTLIBINTL=''
LTLIBOBJS=''
LT_SYS_LIBRARY_PATH=''
M4='/usr/bin/m4'
MAKEINFO='${SHELL} /opt/stm/im-sensors_drv/lm-sensors/flex-2.6.3/build-aux/missing makeinfo'
MANIFEST_TOOL=':'
MKDIR_P='/bin/mkdir -p'
MSGFMT=':'
MSGFMT_015=':'
MSGMERGE=':'
NM='/usr/bin/nm -B'
NMEDIT=''
OBJDUMP='objdump'
OBJEXT='o'
OTOOL64=''
OTOOL=''
PACKAGE='flex'
PACKAGE_BUGREPORT='flex-help@lists.sourceforge.net'
PACKAGE_NAME='the fast lexical analyser generator'
PACKAGE_STRING='the fast lexical analyser generator 2.6.3'
PACKAGE_TARNAME='flex'
PACKAGE_URL=''
PACKAGE_VERSION='2.6.3'
PATH_SEPARATOR=':'
POSUB='po'
RANLIB='ranlib'
SED='/bin/sed'
SET_MAKE=''
SHARED_VERSION_INFO='2:0:0'
SHELL='/bin/bash'
STRIP='strip'
TEXI2DVI='${top_srcdir}/build-aux/missing texi2dvi'
USE_NLS='yes'
VERSION='2.6.3'
WARNINGFLAGS=''
XGETTEXT=':'
XGETTEXT_015=':'
XGETTEXT_EXTRA_OPTIONS=''
YACC='bison -y'
YFLAGS=''
ac_ct_AR='ar'
ac_ct_CC='gcc'
ac_ct_CXX='g++'
ac_ct_DUMPBIN=''
am__EXEEXT_FALSE=''
am__EXEEXT_TRUE='#'
am__fastdepCC_FALSE='#'
am__fastdepCC_TRUE=''
am__fastdepCXX_FALSE='#'
am__fastdepCXX_TRUE=''
am__include='include'
am__isrc=''
am__leading_dot='.'
am__nodep='_no'
am__quote=''
am__tar='$${TAR-tar} chof - "$$tardir"'
am__untar='$${TAR-tar} xf -'
bindir='${exec_prefix}/bin'
build='x86_64-pc-linux-gnu'
build_alias=''
build_cpu='x86_64'
build_os='linux-gnu'
build_vendor='pc'
datadir='${datarootdir}'
datarootdir='${prefix}/share'
docdir='${datarootdir}/doc/${PACKAGE_TARNAME}'
dvidir='${docdir}'
exec_prefix='${prefix}'
host='x86_64-pc-linux-gnu'
host_alias=''
host_cpu='x86_64'
host_os='linux-gnu'
host_vendor='pc'
htmldir='${docdir}'
includedir='${prefix}/include'
infodir='${datarootdir}/info'
install_sh='${SHELL} /opt/stm/im-sensors_drv/lm-sensors/flex-2.6.3/build-aux/install-sh'
libdir='${exec_prefix}/lib'
libexecdir='${exec_prefix}/libexec'
localedir='${datarootdir}/locale'
localstatedir='${prefix}/var'
mandir='${datarootdir}/man'
mkdir_p='$(MKDIR_P)'
oldincludedir='/usr/include'
pdfdir='${docdir}'
prefix='/usr/local'
program_transform_name='s,x,x,'
psdir='${docdir}'
runstatedir='${localstatedir}/run'
sbindir='${exec_prefix}/sbin'
sharedstatedir='${prefix}/com'
sysconfdir='${prefix}/etc'
target_alias=''
want_pthread_FALSE='#'
want_pthread_TRUE=''

## ----------- ##
## confdefs.h. ##
## ----------- ##

/* confdefs.h */
#define PACKAGE_NAME "the fast lexical analyser generator"
#define PACKAGE_TARNAME "flex"
#define PACKAGE_VERSION "2.6.3"
#define PACKAGE_STRING "the fast lexical analyser generator 2.6.3"
#define PACKAGE_BUGREPORT "flex-help@lists.sourceforge.net"
#define PACKAGE_URL ""
#define STDC_HEADERS 1
#define HAVE_SYS_TYPES_H 1
#define HAVE_SYS_STAT_H 1
#define HAVE_STDLIB_H 1
#define HAVE_STRING_H 1
#define HAVE_MEMORY_H 1
#define HAVE_STRINGS_H 1
#define HAVE_INTTYPES_H 1
#define HAVE_STDINT_H 1
#define HAVE_UNISTD_H 1
#define HAVE_DLFCN_H 1
#define LT_OBJDIR ".libs/"
#define PACKAGE "flex"
#define VERSION "2.6.3"
#define ENABLE_NLS 1
#define HAVE_GETTEXT 1
#define HAVE_DCGETTEXT 1
#define M4 "/usr/bin/m4"
#define HAVE_INTTYPES_H 1
#define HAVE_LIBINTL_H 1
#define HAVE_LIMITS_H 1
#define HAVE_LOCALE_H 1
#define HAVE_MALLOC_H 1
#define HAVE_NETINET_IN_H 1
#define HAVE_REGEX_H 1
#define HAVE_UNISTD_H 1
#define HAVE_LIBPTHREAD 1
#define HAVE_PTHREAD_H 1
#define HAVE_LIBM 1
#define HAVE__BOOL 1
#define HAVE_STDBOOL_H 1
#define HAVE_ALLOCA_H 1
#define HAVE_ALLOCA 1
#define HAVE_FORK 1
#define HAVE_VFORK 1
#define HAVE_WORKING_VFORK 1
#define HAVE_WORKING_FORK 1
#define HAVE_STDLIB_H 1
#define HAVE_MALLOC 1
#define HAVE_STDLIB_H 1
#define HAVE_REALLOC 1
#define HAVE_DUP2 1
#define HAVE_MEMSET 1
#define HAVE_POW 1
#define HAVE_REGCOMP 1
#define HAVE_SETLOCALE 1
#define HAVE_STRCHR 1
#define HAVE_STRDUP 1
#define HAVE_STRTOL 1
#define HAVE_REALLOCARRAY 1

configure: exit 0
